This file contains any messages produced by compilers while
running configure, to aid debugging if configure makes a mistake.

It was created by Judy configure 1.0.0, which was
generated by GNU Autoconf 2.59.  Invocation command line was

  $ ./configure --enable-32-bit

## --------- ##
## Platform. ##
## --------- ##

hostname = macbook-pro.local
uname -m = x86_64
uname -r = 12.4.0
uname -s = Darwin
uname -v = Darwin Kernel Version 12.4.0: Wed May  1 17:57:12 PDT 2013; root:xnu-2050.24.15~1/RELEASE_X86_64

/usr/bin/uname -p = i386
/bin/uname -X     = unknown

/bin/arch              = unknown
/usr/bin/arch -k       = unknown
/usr/convex/getsysinfo = unknown
hostinfo               = Mach kernel version:
	 Darwin Kernel Version 12.4.0: Wed May  1 17:57:12 PDT 2013; root:xnu-2050.24.15~1/RELEASE_X86_64
Kernel configured for up to 4 processors.
2 processors are physically available.
4 processors are logically available.
Processor type: i486 (Intel 80486)
Processors active: 0 1 2 3
Primary memory available: 8.00 gigabytes
Default processor set: 133 tasks, 686 threads, 4 processors
Load average: 2.55, Mach factor: 1.61
/bin/machine           = unknown
/usr/bin/oslevel       = unknown
/bin/universe          = unknown

PATH: /Users/Jonathan/narwhal/bin
PATH: /opt/local/bin
PATH: /opt/local/sbin
PATH: /Library/Frameworks/Python.framework/Versions/Current/bin
PATH: /usr/bin
PATH: /bin
PATH: /usr/sbin
PATH: /sbin
PATH: /usr/local/bin
PATH: /opt/X11/bin


## ----------- ##
## Core tests. ##
## ----------- ##

configure:1519: checking whether to enable maintainer-specific portions of Makefiles
configure:1528: result: no
configure:1583: checking for a BSD-compatible install
configure:1638: result: /usr/bin/install -c
configure:1649: checking whether build environment is sane
configure:1692: result: yes
configure:1757: checking for gawk
configure:1786: result: no
configure:1757: checking for mawk
configure:1786: result: no
configure:1757: checking for nawk
configure:1786: result: no
configure:1757: checking for awk
configure:1773: found /usr/bin/awk
configure:1783: result: awk
configure:1793: checking whether make sets $(MAKE)
configure:1813: result: yes
configure:1990: checking which flavor to build
configure:2033: result: product
configure:2083: checking for gcc
configure:2099: found /usr/bin/gcc
configure:2109: result: gcc
configure:2353: checking for C compiler version
configure:2356: gcc --version </dev/null >&5
i686-apple-darwin11-llvm-gcc-4.2 (GCC) 4.2.1 (Based on Apple Inc. build 5658) (LLVM build 2336.11.00)
Copyright (C) 2007 Free Software Foundation, Inc.
This is free software; see the source for copying conditions.  There is NO
warranty; not even for MERCHANTABILITY or FITNESS FOR A PARTICULAR PURPOSE.

configure:2359: $? = 0
configure:2361: gcc -v </dev/null >&5
Using built-in specs.
Target: i686-apple-darwin11
Configured with: /private/var/tmp/llvmgcc42/llvmgcc42-2336.11~28/src/configure --disable-checking --enable-werror --prefix=/Applications/Xcode.app/Contents/Developer/usr/llvm-gcc-4.2 --mandir=/share/man --enable-languages=c,objc,c++,obj-c++ --program-prefix=llvm- --program-transform-name=/^[cg][^.-]*$/s/$/-4.2/ --with-slibdir=/usr/lib --build=i686-apple-darwin11 --enable-llvm=/private/var/tmp/llvmgcc42/llvmgcc42-2336.11~28/dst-llvmCore/Developer/usr/local --program-prefix=i686-apple-darwin11- --host=x86_64-apple-darwin11 --target=i686-apple-darwin11 --with-gxx-include-dir=/usr/include/c++/4.2.1
Thread model: posix
gcc version 4.2.1 (Based on Apple Inc. build 5658) (LLVM build 2336.11.00)
configure:2364: $? = 0
configure:2366: gcc -V </dev/null >&5
llvm-gcc-4.2: argument to `-V' is missing
configure:2369: $? = 1
configure:2392: checking for C compiler default output file name
configure:2395: gcc    conftest.c  >&5
configure:2398: $? = 0
configure:2444: result: a.out
configure:2449: checking whether the C compiler works
configure:2455: ./a.out
configure:2458: $? = 0
configure:2475: result: yes
configure:2482: checking whether we are cross compiling
configure:2484: result: no
configure:2487: checking for suffix of executables
configure:2489: gcc -o conftest    conftest.c  >&5
configure:2492: $? = 0
configure:2517: result: 
configure:2523: checking for suffix of object files
configure:2544: gcc -c   conftest.c >&5
configure:2547: $? = 0
configure:2569: result: o
configure:2573: checking whether we are using the GNU C compiler
configure:2597: gcc -c   conftest.c >&5
configure:2603: $? = 0
configure:2606: test -z 			 || test ! -s conftest.err
configure:2609: $? = 0
configure:2612: test -s conftest.o
configure:2615: $? = 0
configure:2628: result: yes
configure:2634: checking whether gcc accepts -g
configure:2655: gcc -c -g  conftest.c >&5
configure:2661: $? = 0
configure:2664: test -z 			 || test ! -s conftest.err
configure:2667: $? = 0
configure:2670: test -s conftest.o
configure:2673: $? = 0
configure:2684: result: yes
configure:2701: checking for gcc option to accept ANSI C
configure:2771: gcc  -c -g -O2  conftest.c >&5
configure:2777: $? = 0
configure:2780: test -z 			 || test ! -s conftest.err
configure:2783: $? = 0
configure:2786: test -s conftest.o
configure:2789: $? = 0
configure:2807: result: none needed
configure:2825: gcc -c -g -O2  conftest.c >&5
conftest.c:2: error: expected '=', ',', ';', 'asm' or '__attribute__' before 'me'
configure:2831: $? = 1
configure: failed program was:
| #ifndef __cplusplus
|   choke me
| #endif
configure:2972: checking for style of include used by make
configure:3000: result: GNU
configure:3028: checking dependency style of gcc
configure:3118: result: gcc3
configure:3140: checking how to run the C preprocessor
configure:3175: gcc -E  conftest.c
configure:3181: $? = 0
configure:3213: gcc -E  conftest.c
conftest.c:11:28: error: ac_nonexistent.h: No such file or directory
configure:3219: $? = 1
configure: failed program was:
| /* confdefs.h.  */
| 
| #define PACKAGE_NAME "Judy"
| #define PACKAGE_TARNAME "judy"
| #define PACKAGE_VERSION "1.0.0"
| #define PACKAGE_STRING "Judy 1.0.0"
| #define PACKAGE_BUGREPORT "doug@sourcejudy.com"
| #define PACKAGE "Judy"
| #define VERSION "1.0.0"
| /* end confdefs.h.  */
| #include <ac_nonexistent.h>
configure:3258: result: gcc -E
configure:3282: gcc -E  conftest.c
configure:3288: $? = 0
configure:3320: gcc -E  conftest.c
conftest.c:11:28: error: ac_nonexistent.h: No such file or directory
configure:3326: $? = 1
configure: failed program was:
| /* confdefs.h.  */
| 
| #define PACKAGE_NAME "Judy"
| #define PACKAGE_TARNAME "judy"
| #define PACKAGE_VERSION "1.0.0"
| #define PACKAGE_STRING "Judy 1.0.0"
| #define PACKAGE_BUGREPORT "doug@sourcejudy.com"
| #define PACKAGE "Judy"
| #define VERSION "1.0.0"
| /* end confdefs.h.  */
| #include <ac_nonexistent.h>
configure:3382: checking for a BSD-compatible install
configure:3437: result: /usr/bin/install -c
configure:3448: checking whether ln -s works
configure:3452: result: yes
configure:3459: checking whether make sets $(MAKE)
configure:3479: result: yes
configure:3491: checking for egrep
configure:3501: result: grep -E
configure:3506: checking for ANSI C header files
configure:3531: gcc -c -g -O2  conftest.c >&5
configure:3537: $? = 0
configure:3540: test -z 			 || test ! -s conftest.err
configure:3543: $? = 0
configure:3546: test -s conftest.o
configure:3549: $? = 0
configure:3638: gcc -o conftest -g -O2   conftest.c  >&5
conftest.c: In function 'main':
conftest.c:28: warning: incompatible implicit declaration of built-in function 'exit'
configure:3641: $? = 0
configure:3643: ./conftest
configure:3646: $? = 0
configure:3661: result: yes
configure:3685: checking for sys/types.h
configure:3701: gcc -c -g -O2  conftest.c >&5
configure:3707: $? = 0
configure:3710: test -z 			 || test ! -s conftest.err
configure:3713: $? = 0
configure:3716: test -s conftest.o
configure:3719: $? = 0
configure:3730: result: yes
configure:3685: checking for sys/stat.h
configure:3701: gcc -c -g -O2  conftest.c >&5
configure:3707: $? = 0
configure:3710: test -z 			 || test ! -s conftest.err
configure:3713: $? = 0
configure:3716: test -s conftest.o
configure:3719: $? = 0
configure:3730: result: yes
configure:3685: checking for stdlib.h
configure:3701: gcc -c -g -O2  conftest.c >&5
configure:3707: $? = 0
configure:3710: test -z 			 || test ! -s conftest.err
configure:3713: $? = 0
configure:3716: test -s conftest.o
configure:3719: $? = 0
configure:3730: result: yes
configure:3685: checking for string.h
configure:3701: gcc -c -g -O2  conftest.c >&5
configure:3707: $? = 0
configure:3710: test -z 			 || test ! -s conftest.err
configure:3713: $? = 0
configure:3716: test -s conftest.o
configure:3719: $? = 0
configure:3730: result: yes
configure:3685: checking for memory.h
configure:3701: gcc -c -g -O2  conftest.c >&5
configure:3707: $? = 0
configure:3710: test -z 			 || test ! -s conftest.err
configure:3713: $? = 0
configure:3716: test -s conftest.o
configure:3719: $? = 0
configure:3730: result: yes
configure:3685: checking for strings.h
configure:3701: gcc -c -g -O2  conftest.c >&5
configure:3707: $? = 0
configure:3710: test -z 			 || test ! -s conftest.err
configure:3713: $? = 0
configure:3716: test -s conftest.o
configure:3719: $? = 0
configure:3730: result: yes
configure:3685: checking for inttypes.h
configure:3701: gcc -c -g -O2  conftest.c >&5
configure:3707: $? = 0
configure:3710: test -z 			 || test ! -s conftest.err
configure:3713: $? = 0
configure:3716: test -s conftest.o
configure:3719: $? = 0
configure:3730: result: yes
configure:3685: checking for stdint.h
configure:3701: gcc -c -g -O2  conftest.c >&5
configure:3707: $? = 0
configure:3710: test -z 			 || test ! -s conftest.err
configure:3713: $? = 0
configure:3716: test -s conftest.o
configure:3719: $? = 0
configure:3730: result: yes
configure:3685: checking for unistd.h
configure:3701: gcc -c -g -O2  conftest.c >&5
configure:3707: $? = 0
configure:3710: test -z 			 || test ! -s conftest.err
configure:3713: $? = 0
configure:3716: test -s conftest.o
configure:3719: $? = 0
configure:3730: result: yes
configure:3767: checking fcntl.h usability
configure:3779: gcc -c -g -O2  conftest.c >&5
configure:3785: $? = 0
configure:3788: test -z 			 || test ! -s conftest.err
configure:3791: $? = 0
configure:3794: test -s conftest.o
configure:3797: $? = 0
configure:3807: result: yes
configure:3811: checking fcntl.h presence
configure:3821: gcc -E  conftest.c
configure:3827: $? = 0
configure:3847: result: yes
configure:3882: checking for fcntl.h
configure:3889: result: yes
configure:3758: checking for inttypes.h
configure:3763: result: yes
configure:3767: checking limits.h usability
configure:3779: gcc -c -g -O2  conftest.c >&5
configure:3785: $? = 0
configure:3788: test -z 			 || test ! -s conftest.err
configure:3791: $? = 0
configure:3794: test -s conftest.o
configure:3797: $? = 0
configure:3807: result: yes
configure:3811: checking limits.h presence
configure:3821: gcc -E  conftest.c
configure:3827: $? = 0
configure:3847: result: yes
configure:3882: checking for limits.h
configure:3889: result: yes
configure:3767: checking malloc.h usability
configure:3779: gcc -c -g -O2  conftest.c >&5
conftest.c:58:20: error: malloc.h: No such file or directory
configure:3785: $? = 1
configure: failed program was:
| /* confdefs.h.  */
| 
| #define PACKAGE_NAME "Judy"
| #define PACKAGE_TARNAME "judy"
| #define PACKAGE_VERSION "1.0.0"
| #define PACKAGE_STRING "Judy 1.0.0"
| #define PACKAGE_BUGREPORT "doug@sourcejudy.com"
| #define PACKAGE "Judy"
| #define VERSION "1.0.0"
| #define STDC_HEADERS 1
| #define HAVE_SYS_TYPES_H 1
| #define HAVE_SYS_STAT_H 1
| #define HAVE_STDLIB_H 1
| #define HAVE_STRING_H 1
| #define HAVE_MEMORY_H 1
| #define HAVE_STRINGS_H 1
| #define HAVE_INTTYPES_H 1
| #define HAVE_STDINT_H 1
| #define HAVE_UNISTD_H 1
| #define HAVE_FCNTL_H 1
| #define HAVE_INTTYPES_H 1
| #define HAVE_LIMITS_H 1
| /* end confdefs.h.  */
| #include <stdio.h>
| #if HAVE_SYS_TYPES_H
| # include <sys/types.h>
| #endif
| #if HAVE_SYS_STAT_H
| # include <sys/stat.h>
| #endif
| #if STDC_HEADERS
| # include <stdlib.h>
| # include <stddef.h>
| #else
| # if HAVE_STDLIB_H
| #  include <stdlib.h>
| # endif
| #endif
| #if HAVE_STRING_H
| # if !STDC_HEADERS && HAVE_MEMORY_H
| #  include <memory.h>
| # endif
| # include <string.h>
| #endif
| #if HAVE_STRINGS_H
| # include <strings.h>
| #endif
| #if HAVE_INTTYPES_H
| # include <inttypes.h>
| #else
| # if HAVE_STDINT_H
| #  include <stdint.h>
| # endif
| #endif
| #if HAVE_UNISTD_H
| # include <unistd.h>
| #endif
| #include <malloc.h>
configure:3807: result: no
configure:3811: checking malloc.h presence
configure:3821: gcc -E  conftest.c
conftest.c:24:20: error: malloc.h: No such file or directory
configure:3827: $? = 1
configure: failed program was:
| /* confdefs.h.  */
| 
| #define PACKAGE_NAME "Judy"
| #define PACKAGE_TARNAME "judy"
| #define PACKAGE_VERSION "1.0.0"
| #define PACKAGE_STRING "Judy 1.0.0"
| #define PACKAGE_BUGREPORT "doug@sourcejudy.com"
| #define PACKAGE "Judy"
| #define VERSION "1.0.0"
| #define STDC_HEADERS 1
| #define HAVE_SYS_TYPES_H 1
| #define HAVE_SYS_STAT_H 1
| #define HAVE_STDLIB_H 1
| #define HAVE_STRING_H 1
| #define HAVE_MEMORY_H 1
| #define HAVE_STRINGS_H 1
| #define HAVE_INTTYPES_H 1
| #define HAVE_STDINT_H 1
| #define HAVE_UNISTD_H 1
| #define HAVE_FCNTL_H 1
| #define HAVE_INTTYPES_H 1
| #define HAVE_LIMITS_H 1
| /* end confdefs.h.  */
| #include <malloc.h>
configure:3847: result: no
configure:3882: checking for malloc.h
configure:3889: result: no
configure:3767: checking stddef.h usability
configure:3779: gcc -c -g -O2  conftest.c >&5
configure:3785: $? = 0
configure:3788: test -z 			 || test ! -s conftest.err
configure:3791: $? = 0
configure:3794: test -s conftest.o
configure:3797: $? = 0
configure:3807: result: yes
configure:3811: checking stddef.h presence
configure:3821: gcc -E  conftest.c
configure:3827: $? = 0
configure:3847: result: yes
configure:3882: checking for stddef.h
configure:3889: result: yes
configure:3758: checking for stdint.h
configure:3763: result: yes
configure:3758: checking for stdlib.h
configure:3763: result: yes
configure:3758: checking for string.h
configure:3763: result: yes
configure:3758: checking for strings.h
configure:3763: result: yes
configure:3767: checking sys/param.h usability
configure:3779: gcc -c -g -O2  conftest.c >&5
configure:3785: $? = 0
configure:3788: test -z 			 || test ! -s conftest.err
configure:3791: $? = 0
configure:3794: test -s conftest.o
configure:3797: $? = 0
configure:3807: result: yes
configure:3811: checking sys/param.h presence
configure:3821: gcc -E  conftest.c
configure:3827: $? = 0
configure:3847: result: yes
configure:3882: checking for sys/param.h
configure:3889: result: yes
configure:3767: checking sys/time.h usability
configure:3779: gcc -c -g -O2  conftest.c >&5
configure:3785: $? = 0
configure:3788: test -z 			 || test ! -s conftest.err
configure:3791: $? = 0
configure:3794: test -s conftest.o
configure:3797: $? = 0
configure:3807: result: yes
configure:3811: checking sys/time.h presence
configure:3821: gcc -E  conftest.c
configure:3827: $? = 0
configure:3847: result: yes
configure:3882: checking for sys/time.h
configure:3889: result: yes
configure:3758: checking for unistd.h
configure:3763: result: yes
configure:3904: checking for stdbool.h that conforms to C99
configure:3957: gcc -c -g -O2  conftest.c >&5
configure:3963: $? = 0
configure:3966: test -z 			 || test ! -s conftest.err
configure:3969: $? = 0
configure:3972: test -s conftest.o
configure:3975: $? = 0
configure:3986: result: yes
configure:3988: checking for _Bool
configure:4012: gcc -c -g -O2  conftest.c >&5
configure:4018: $? = 0
configure:4021: test -z 			 || test ! -s conftest.err
configure:4024: $? = 0
configure:4027: test -s conftest.o
configure:4030: $? = 0
configure:4041: result: yes
configure:4060: checking for an ANSI C-conforming const
configure:4127: gcc -c -g -O2  conftest.c >&5
configure:4133: $? = 0
configure:4136: test -z 			 || test ! -s conftest.err
configure:4139: $? = 0
configure:4142: test -s conftest.o
configure:4145: $? = 0
configure:4156: result: yes
configure:4166: checking for inline
configure:4187: gcc -c -g -O2  conftest.c >&5
configure:4193: $? = 0
configure:4196: test -z 			 || test ! -s conftest.err
configure:4199: $? = 0
configure:4202: test -s conftest.o
configure:4205: $? = 0
configure:4217: result: inline
configure:4236: checking for size_t
configure:4260: gcc -c -g -O2  conftest.c >&5
configure:4266: $? = 0
configure:4269: test -z 			 || test ! -s conftest.err
configure:4272: $? = 0
configure:4275: test -s conftest.o
configure:4278: $? = 0
configure:4289: result: yes
configure:4301: checking whether time.h and sys/time.h may both be included
configure:4326: gcc -c -g -O2  conftest.c >&5
configure:4332: $? = 0
configure:4335: test -z 			 || test ! -s conftest.err
configure:4338: $? = 0
configure:4341: test -s conftest.o
configure:4344: $? = 0
configure:4355: result: yes
configure:4365: checking whether struct tm is in sys/time.h or time.h
configure:4388: gcc -c -g -O2  conftest.c >&5
configure:4394: $? = 0
configure:4397: test -z 			 || test ! -s conftest.err
configure:4400: $? = 0
configure:4403: test -s conftest.o
configure:4406: $? = 0
configure:4417: result: time.h
configure:4427: checking for working volatile
configure:4450: gcc -c -g -O2  conftest.c >&5
configure:4456: $? = 0
configure:4459: test -z 			 || test ! -s conftest.err
configure:4462: $? = 0
configure:4465: test -s conftest.o
configure:4468: $? = 0
configure:4479: result: yes
configure:4489: checking for ptrdiff_t
configure:4513: gcc -c -g -O2  conftest.c >&5
configure:4519: $? = 0
configure:4522: test -z 			 || test ! -s conftest.err
configure:4525: $? = 0
configure:4528: test -s conftest.o
configure:4531: $? = 0
configure:4542: result: yes
configure:4554: checking whether byte ordering is bigendian
configure:4581: gcc -c -g -O2  conftest.c >&5
configure:4587: $? = 0
configure:4590: test -z 			 || test ! -s conftest.err
configure:4593: $? = 0
configure:4596: test -s conftest.o
configure:4599: $? = 0
configure:4623: gcc -c -g -O2  conftest.c >&5
conftest.c: In function 'main':
conftest.c:43: error: 'not' undeclared (first use in this function)
conftest.c:43: error: (Each undeclared identifier is reported only once
conftest.c:43: error: for each function it appears in.)
conftest.c:43: error: expected ';' before 'big'
configure:4629: $? = 1
configure: failed program was:
| /* confdefs.h.  */
| 
| #define PACKAGE_NAME "Judy"
| #define PACKAGE_TARNAME "judy"
| #define PACKAGE_VERSION "1.0.0"
| #define PACKAGE_STRING "Judy 1.0.0"
| #define PACKAGE_BUGREPORT "doug@sourcejudy.com"
| #define PACKAGE "Judy"
| #define VERSION "1.0.0"
| #define STDC_HEADERS 1
| #define HAVE_SYS_TYPES_H 1
| #define HAVE_SYS_STAT_H 1
| #define HAVE_STDLIB_H 1
| #define HAVE_STRING_H 1
| #define HAVE_MEMORY_H 1
| #define HAVE_STRINGS_H 1
| #define HAVE_INTTYPES_H 1
| #define HAVE_STDINT_H 1
| #define HAVE_UNISTD_H 1
| #define HAVE_FCNTL_H 1
| #define HAVE_INTTYPES_H 1
| #define HAVE_LIMITS_H 1
| #define HAVE_STDDEF_H 1
| #define HAVE_STDINT_H 1
| #define HAVE_STDLIB_H 1
| #define HAVE_STRING_H 1
| #define HAVE_STRINGS_H 1
| #define HAVE_SYS_PARAM_H 1
| #define HAVE_SYS_TIME_H 1
| #define HAVE_UNISTD_H 1
| #define HAVE__BOOL 1
| #define HAVE_STDBOOL_H 1
| #define TIME_WITH_SYS_TIME 1
| #define HAVE_PTRDIFF_T 1
| /* end confdefs.h.  */
| #include <sys/types.h>
| #include <sys/param.h>
| 
| int
| main ()
| {
| #if BYTE_ORDER != BIG_ENDIAN
|  not big endian
| #endif
| 
|   ;
|   return 0;
| }
configure:4762: result: no
configure:4795: result: Building 32-bit
configure:4837: checking for error_at_line
configure:4858: gcc -o conftest -UJU_64BIT -g -O2   conftest.c  >&5
Undefined symbols for architecture x86_64:
  "_error_at_line", referenced from:
      _main in ccYgyHJC.o
ld: symbol(s) not found for architecture x86_64
collect2: ld returned 1 exit status
configure:4864: $? = 1
configure: failed program was:
| /* confdefs.h.  */
| 
| #define PACKAGE_NAME "Judy"
| #define PACKAGE_TARNAME "judy"
| #define PACKAGE_VERSION "1.0.0"
| #define PACKAGE_STRING "Judy 1.0.0"
| #define PACKAGE_BUGREPORT "doug@sourcejudy.com"
| #define PACKAGE "Judy"
| #define VERSION "1.0.0"
| #define STDC_HEADERS 1
| #define HAVE_SYS_TYPES_H 1
| #define HAVE_SYS_STAT_H 1
| #define HAVE_STDLIB_H 1
| #define HAVE_STRING_H 1
| #define HAVE_MEMORY_H 1
| #define HAVE_STRINGS_H 1
| #define HAVE_INTTYPES_H 1
| #define HAVE_STDINT_H 1
| #define HAVE_UNISTD_H 1
| #define HAVE_FCNTL_H 1
| #define HAVE_INTTYPES_H 1
| #define HAVE_LIMITS_H 1
| #define HAVE_STDDEF_H 1
| #define HAVE_STDINT_H 1
| #define HAVE_STDLIB_H 1
| #define HAVE_STRING_H 1
| #define HAVE_STRINGS_H 1
| #define HAVE_SYS_PARAM_H 1
| #define HAVE_SYS_TIME_H 1
| #define HAVE_UNISTD_H 1
| #define HAVE__BOOL 1
| #define HAVE_STDBOOL_H 1
| #define TIME_WITH_SYS_TIME 1
| #define HAVE_PTRDIFF_T 1
| #define JU_LITTLE_ENDIAN 1
| /* end confdefs.h.  */
| #include <stdio.h>
| #if HAVE_SYS_TYPES_H
| # include <sys/types.h>
| #endif
| #if HAVE_SYS_STAT_H
| # include <sys/stat.h>
| #endif
| #if STDC_HEADERS
| # include <stdlib.h>
| # include <stddef.h>
| #else
| # if HAVE_STDLIB_H
| #  include <stdlib.h>
| # endif
| #endif
| #if HAVE_STRING_H
| # if !STDC_HEADERS && HAVE_MEMORY_H
| #  include <memory.h>
| # endif
| # include <string.h>
| #endif
| #if HAVE_STRINGS_H
| # include <strings.h>
| #endif
| #if HAVE_INTTYPES_H
| # include <inttypes.h>
| #else
| # if HAVE_STDINT_H
| #  include <stdint.h>
| # endif
| #endif
| #if HAVE_UNISTD_H
| # include <unistd.h>
| #endif
| int
| main ()
| {
| error_at_line (0, 0, "", 0, "");
|   ;
|   return 0;
| }
configure:4888: result: no
configure:4906: checking for stdlib.h
configure:4911: result: yes
configure:5050: checking for GNU libc compatible malloc
configure:5079: gcc -o conftest -UJU_64BIT -g -O2   conftest.c  >&5
configure:5082: $? = 0
configure:5084: ./conftest
configure:5087: $? = 0
configure:5101: result: yes
configure:5131: checking for working memcmp
configure:5179: gcc -o conftest -UJU_64BIT -g -O2   conftest.c  >&5
configure:5182: $? = 0
configure:5184: ./conftest
configure:5187: $? = 0
configure:5201: result: yes
configure:5218: checking for stdlib.h
configure:5223: result: yes
configure:5218: checking for unistd.h
configure:5223: result: yes
configure:5366: checking for getpagesize
configure:5423: gcc -o conftest -UJU_64BIT -g -O2   conftest.c  >&5
configure:5429: $? = 0
configure:5432: test -z 			 || test ! -s conftest.err
configure:5435: $? = 0
configure:5438: test -s conftest
configure:5441: $? = 0
configure:5453: result: yes
configure:5463: checking for working mmap
configure:5605: gcc -o conftest -UJU_64BIT -g -O2   conftest.c  >&5
configure:5608: $? = 0
configure:5610: ./conftest
configure:5613: $? = 0
configure:5627: result: yes
configure:5638: checking whether lstat dereferences a symlink specified with a trailing slash
configure:5669: gcc -o conftest -UJU_64BIT -g -O2   conftest.c  >&5
configure:5672: $? = 0
configure:5674: ./conftest
configure:5677: $? = 1
configure: program exited with status 1
configure: failed program was:
| /* confdefs.h.  */
| 
| #define PACKAGE_NAME "Judy"
| #define PACKAGE_TARNAME "judy"
| #define PACKAGE_VERSION "1.0.0"
| #define PACKAGE_STRING "Judy 1.0.0"
| #define PACKAGE_BUGREPORT "doug@sourcejudy.com"
| #define PACKAGE "Judy"
| #define VERSION "1.0.0"
| #define STDC_HEADERS 1
| #define HAVE_SYS_TYPES_H 1
| #define HAVE_SYS_STAT_H 1
| #define HAVE_STDLIB_H 1
| #define HAVE_STRING_H 1
| #define HAVE_MEMORY_H 1
| #define HAVE_STRINGS_H 1
| #define HAVE_INTTYPES_H 1
| #define HAVE_STDINT_H 1
| #define HAVE_UNISTD_H 1
| #define HAVE_FCNTL_H 1
| #define HAVE_INTTYPES_H 1
| #define HAVE_LIMITS_H 1
| #define HAVE_STDDEF_H 1
| #define HAVE_STDINT_H 1
| #define HAVE_STDLIB_H 1
| #define HAVE_STRING_H 1
| #define HAVE_STRINGS_H 1
| #define HAVE_SYS_PARAM_H 1
| #define HAVE_SYS_TIME_H 1
| #define HAVE_UNISTD_H 1
| #define HAVE__BOOL 1
| #define HAVE_STDBOOL_H 1
| #define TIME_WITH_SYS_TIME 1
| #define HAVE_PTRDIFF_T 1
| #define JU_LITTLE_ENDIAN 1
| #define HAVE_STDLIB_H 1
| #define HAVE_MALLOC 1
| #define HAVE_STDLIB_H 1
| #define HAVE_UNISTD_H 1
| #define HAVE_GETPAGESIZE 1
| #define HAVE_MMAP 1
| /* end confdefs.h.  */
| #include <stdio.h>
| #if HAVE_SYS_TYPES_H
| # include <sys/types.h>
| #endif
| #if HAVE_SYS_STAT_H
| # include <sys/stat.h>
| #endif
| #if STDC_HEADERS
| # include <stdlib.h>
| # include <stddef.h>
| #else
| # if HAVE_STDLIB_H
| #  include <stdlib.h>
| # endif
| #endif
| #if HAVE_STRING_H
| # if !STDC_HEADERS && HAVE_MEMORY_H
| #  include <memory.h>
| # endif
| # include <string.h>
| #endif
| #if HAVE_STRINGS_H
| # include <strings.h>
| #endif
| #if HAVE_INTTYPES_H
| # include <inttypes.h>
| #else
| # if HAVE_STDINT_H
| #  include <stdint.h>
| # endif
| #endif
| #if HAVE_UNISTD_H
| # include <unistd.h>
| #endif
| int
| main ()
| {
| struct stat sbuf;
|      /* Linux will dereference the symlink and fail.
| 	That is better in the sense that it means we will not
| 	have to compile and use the lstat wrapper.  */
|      exit (lstat ("conftest.sym/", &sbuf) ? 0 : 1);
|   ;
|   return 0;
| }
configure:5698: result: no
configure:5719: checking whether stat accepts an empty string
configure:5744: gcc -o conftest -UJU_64BIT -g -O2   conftest.c  >&5
configure:5747: $? = 0
configure:5749: ./conftest
configure:5752: $? = 1
configure: program exited with status 1
configure: failed program was:
| /* confdefs.h.  */
| 
| #define PACKAGE_NAME "Judy"
| #define PACKAGE_TARNAME "judy"
| #define PACKAGE_VERSION "1.0.0"
| #define PACKAGE_STRING "Judy 1.0.0"
| #define PACKAGE_BUGREPORT "doug@sourcejudy.com"
| #define PACKAGE "Judy"
| #define VERSION "1.0.0"
| #define STDC_HEADERS 1
| #define HAVE_SYS_TYPES_H 1
| #define HAVE_SYS_STAT_H 1
| #define HAVE_STDLIB_H 1
| #define HAVE_STRING_H 1
| #define HAVE_MEMORY_H 1
| #define HAVE_STRINGS_H 1
| #define HAVE_INTTYPES_H 1
| #define HAVE_STDINT_H 1
| #define HAVE_UNISTD_H 1
| #define HAVE_FCNTL_H 1
| #define HAVE_INTTYPES_H 1
| #define HAVE_LIMITS_H 1
| #define HAVE_STDDEF_H 1
| #define HAVE_STDINT_H 1
| #define HAVE_STDLIB_H 1
| #define HAVE_STRING_H 1
| #define HAVE_STRINGS_H 1
| #define HAVE_SYS_PARAM_H 1
| #define HAVE_SYS_TIME_H 1
| #define HAVE_UNISTD_H 1
| #define HAVE__BOOL 1
| #define HAVE_STDBOOL_H 1
| #define TIME_WITH_SYS_TIME 1
| #define HAVE_PTRDIFF_T 1
| #define JU_LITTLE_ENDIAN 1
| #define HAVE_STDLIB_H 1
| #define HAVE_MALLOC 1
| #define HAVE_STDLIB_H 1
| #define HAVE_UNISTD_H 1
| #define HAVE_GETPAGESIZE 1
| #define HAVE_MMAP 1
| /* end confdefs.h.  */
| #include <stdio.h>
| #if HAVE_SYS_TYPES_H
| # include <sys/types.h>
| #endif
| #if HAVE_SYS_STAT_H
| # include <sys/stat.h>
| #endif
| #if STDC_HEADERS
| # include <stdlib.h>
| # include <stddef.h>
| #else
| # if HAVE_STDLIB_H
| #  include <stdlib.h>
| # endif
| #endif
| #if HAVE_STRING_H
| # if !STDC_HEADERS && HAVE_MEMORY_H
| #  include <memory.h>
| # endif
| # include <string.h>
| #endif
| #if HAVE_STRINGS_H
| # include <strings.h>
| #endif
| #if HAVE_INTTYPES_H
| # include <inttypes.h>
| #else
| # if HAVE_STDINT_H
| #  include <stdint.h>
| # endif
| #endif
| #if HAVE_UNISTD_H
| # include <unistd.h>
| #endif
| int
| main ()
| {
| struct stat sbuf;
|   exit (stat ("", &sbuf) ? 1 : 0);
|   ;
|   return 0;
| }
configure:5766: result: no
configure:5788: checking for vprintf
configure:5845: gcc -o conftest -UJU_64BIT -g -O2   conftest.c  >&5
conftest.c:67: warning: conflicting types for built-in function 'vprintf'
configure:5851: $? = 0
configure:5854: test -z 			 || test ! -s conftest.err
configure:5857: $? = 0
configure:5860: test -s conftest
configure:5863: $? = 0
configure:5875: result: yes
configure:5882: checking for _doprnt
configure:5939: gcc -o conftest -UJU_64BIT -g -O2   conftest.c  >&5
Undefined symbols for architecture x86_64:
  "__doprnt", referenced from:
      _main in ccVlaQol.o
      _f in ccVlaQol.o
ld: symbol(s) not found for architecture x86_64
collect2: ld returned 1 exit status
configure:5945: $? = 1
configure: failed program was:
| /* confdefs.h.  */
| 
| #define PACKAGE_NAME "Judy"
| #define PACKAGE_TARNAME "judy"
| #define PACKAGE_VERSION "1.0.0"
| #define PACKAGE_STRING "Judy 1.0.0"
| #define PACKAGE_BUGREPORT "doug@sourcejudy.com"
| #define PACKAGE "Judy"
| #define VERSION "1.0.0"
| #define STDC_HEADERS 1
| #define HAVE_SYS_TYPES_H 1
| #define HAVE_SYS_STAT_H 1
| #define HAVE_STDLIB_H 1
| #define HAVE_STRING_H 1
| #define HAVE_MEMORY_H 1
| #define HAVE_STRINGS_H 1
| #define HAVE_INTTYPES_H 1
| #define HAVE_STDINT_H 1
| #define HAVE_UNISTD_H 1
| #define HAVE_FCNTL_H 1
| #define HAVE_INTTYPES_H 1
| #define HAVE_LIMITS_H 1
| #define HAVE_STDDEF_H 1
| #define HAVE_STDINT_H 1
| #define HAVE_STDLIB_H 1
| #define HAVE_STRING_H 1
| #define HAVE_STRINGS_H 1
| #define HAVE_SYS_PARAM_H 1
| #define HAVE_SYS_TIME_H 1
| #define HAVE_UNISTD_H 1
| #define HAVE__BOOL 1
| #define HAVE_STDBOOL_H 1
| #define TIME_WITH_SYS_TIME 1
| #define HAVE_PTRDIFF_T 1
| #define JU_LITTLE_ENDIAN 1
| #define HAVE_STDLIB_H 1
| #define HAVE_MALLOC 1
| #define HAVE_STDLIB_H 1
| #define HAVE_UNISTD_H 1
| #define HAVE_GETPAGESIZE 1
| #define HAVE_MMAP 1
| #define HAVE_VPRINTF 1
| /* end confdefs.h.  */
| /* Define _doprnt to an innocuous variant, in case <limits.h> declares _doprnt.
|    For example, HP-UX 11i <limits.h> declares gettimeofday.  */
| #define _doprnt innocuous__doprnt
| 
| /* System header to define __stub macros and hopefully few prototypes,
|     which can conflict with char _doprnt (); below.
|     Prefer <limits.h> to <assert.h> if __STDC__ is defined, since
|     <limits.h> exists even on freestanding compilers.  */
| 
| #ifdef __STDC__
| # include <limits.h>
| #else
| # include <assert.h>
| #endif
| 
| #undef _doprnt
| 
| /* Override any gcc2 internal prototype to avoid an error.  */
| #ifdef __cplusplus
| extern "C"
| {
| #endif
| /* We use char because int might match the return type of a gcc2
|    builtin and then its argument prototype would still apply.  */
| char _doprnt ();
| /* The GNU C library defines this for functions which it implements
|     to always fail with ENOSYS.  Some functions are actually named
|     something starting with __ and the normal name is an alias.  */
| #if defined (__stub__doprnt) || defined (__stub____doprnt)
| choke me
| #else
| char (*f) () = _doprnt;
| #endif
| #ifdef __cplusplus
| }
| #endif
| 
| int
| main ()
| {
| return f != _doprnt;
|   ;
|   return 0;
| }
configure:5969: result: no
configure:5997: checking for getpagesize
configure:6084: result: yes
configure:5997: checking for gettimeofday
configure:6054: gcc -o conftest -UJU_64BIT -g -O2   conftest.c  >&5
configure:6060: $? = 0
configure:6063: test -z 			 || test ! -s conftest.err
configure:6066: $? = 0
configure:6069: test -s conftest
configure:6072: $? = 0
configure:6084: result: yes
configure:5997: checking for memset
configure:6054: gcc -o conftest -UJU_64BIT -g -O2   conftest.c  >&5
conftest.c:70: warning: conflicting types for built-in function 'memset'
configure:6060: $? = 0
configure:6063: test -z 			 || test ! -s conftest.err
configure:6066: $? = 0
configure:6069: test -s conftest
configure:6072: $? = 0
configure:6084: result: yes
configure:5997: checking for munmap
configure:6054: gcc -o conftest -UJU_64BIT -g -O2   conftest.c  >&5
configure:6060: $? = 0
configure:6063: test -z 			 || test ! -s conftest.err
configure:6066: $? = 0
configure:6069: test -s conftest
configure:6072: $? = 0
configure:6084: result: yes
configure:5997: checking for pow
configure:6054: gcc -o conftest -UJU_64BIT -g -O2   conftest.c  >&5
conftest.c:72: warning: conflicting types for built-in function 'pow'
configure:6060: $? = 0
configure:6063: test -z 			 || test ! -s conftest.err
configure:6066: $? = 0
configure:6069: test -s conftest
configure:6072: $? = 0
configure:6084: result: yes
configure:5997: checking for strchr
configure:6054: gcc -o conftest -UJU_64BIT -g -O2   conftest.c  >&5
conftest.c:73: warning: conflicting types for built-in function 'strchr'
configure:6060: $? = 0
configure:6063: test -z 			 || test ! -s conftest.err
configure:6066: $? = 0
configure:6069: test -s conftest
configure:6072: $? = 0
configure:6084: result: yes
configure:5997: checking for strcspn
configure:6054: gcc -o conftest -UJU_64BIT -g -O2   conftest.c  >&5
conftest.c:74: warning: conflicting types for built-in function 'strcspn'
configure:6060: $? = 0
configure:6063: test -z 			 || test ! -s conftest.err
configure:6066: $? = 0
configure:6069: test -s conftest
configure:6072: $? = 0
configure:6084: result: yes
configure:5997: checking for strerror
configure:6054: gcc -o conftest -UJU_64BIT -g -O2   conftest.c  >&5
configure:6060: $? = 0
configure:6063: test -z 			 || test ! -s conftest.err
configure:6066: $? = 0
configure:6069: test -s conftest
configure:6072: $? = 0
configure:6084: result: yes
configure:5997: checking for strstr
configure:6054: gcc -o conftest -UJU_64BIT -g -O2   conftest.c  >&5
conftest.c:76: warning: conflicting types for built-in function 'strstr'
configure:6060: $? = 0
configure:6063: test -z 			 || test ! -s conftest.err
configure:6066: $? = 0
configure:6069: test -s conftest
configure:6072: $? = 0
configure:6084: result: yes
configure:5997: checking for strtoul
configure:6054: gcc -o conftest -UJU_64BIT -g -O2   conftest.c  >&5
configure:6060: $? = 0
configure:6063: test -z 			 || test ! -s conftest.err
configure:6066: $? = 0
configure:6069: test -s conftest
configure:6072: $? = 0
configure:6084: result: yes
configure:5997: checking for uname
configure:6054: gcc -o conftest -UJU_64BIT -g -O2   conftest.c  >&5
configure:6060: $? = 0
configure:6063: test -z 			 || test ! -s conftest.err
configure:6066: $? = 0
configure:6069: test -s conftest
configure:6072: $? = 0
configure:6084: result: yes
configure:6136: checking for ar
configure:6152: found /usr/bin/ar
configure:6162: result: ar
configure:6215: checking for ld
configure:6231: found /usr/bin/ld
configure:6241: result: ld
configure:6294: checking for ranlib
configure:6310: found /usr/bin/ranlib
configure:6321: result: ranlib
configure:6412: checking build system type
configure:6430: result: i686-apple-darwin12.4.0
configure:6438: checking host system type
configure:6452: result: i686-apple-darwin12.4.0
configure:6460: checking for a sed that does not truncate output
configure:6514: result: /usr/bin/sed
configure:6528: checking for ld used by gcc
configure:6595: result: ld
configure:6604: checking if the linker (ld) is GNU ld
configure:6619: result: no
configure:6624: checking for ld option to reload object files
configure:6631: result: -r
configure:6640: checking for BSD-compatible nm
configure:6682: result: /usr/bin/nm
configure:6686: checking how to recognise dependent libraries
configure:6860: result: pass_all
configure:7081: checking dlfcn.h usability
configure:7093: gcc -c -UJU_64BIT -g -O2  conftest.c >&5
configure:7099: $? = 0
configure:7102: test -z 			 || test ! -s conftest.err
configure:7105: $? = 0
configure:7108: test -s conftest.o
configure:7111: $? = 0
configure:7121: result: yes
configure:7125: checking dlfcn.h presence
configure:7135: gcc -E  conftest.c
configure:7141: $? = 0
configure:7161: result: yes
configure:7196: checking for dlfcn.h
configure:7203: result: yes
configure:7268: checking for g++
configure:7284: found /usr/bin/g++
configure:7294: result: g++
configure:7310: checking for C++ compiler version
configure:7313: g++ --version </dev/null >&5
i686-apple-darwin11-llvm-g++-4.2 (GCC) 4.2.1 (Based on Apple Inc. build 5658) (LLVM build 2336.11.00)
Copyright (C) 2007 Free Software Foundation, Inc.
This is free software; see the source for copying conditions.  There is NO
warranty; not even for MERCHANTABILITY or FITNESS FOR A PARTICULAR PURPOSE.

configure:7316: $? = 0
configure:7318: g++ -v </dev/null >&5
Using built-in specs.
Target: i686-apple-darwin11
Configured with: /private/var/tmp/llvmgcc42/llvmgcc42-2336.11~28/src/configure --disable-checking --enable-werror --prefix=/Applications/Xcode.app/Contents/Developer/usr/llvm-gcc-4.2 --mandir=/share/man --enable-languages=c,objc,c++,obj-c++ --program-prefix=llvm- --program-transform-name=/^[cg][^.-]*$/s/$/-4.2/ --with-slibdir=/usr/lib --build=i686-apple-darwin11 --enable-llvm=/private/var/tmp/llvmgcc42/llvmgcc42-2336.11~28/dst-llvmCore/Developer/usr/local --program-prefix=i686-apple-darwin11- --host=x86_64-apple-darwin11 --target=i686-apple-darwin11 --with-gxx-include-dir=/usr/include/c++/4.2.1
Thread model: posix
gcc version 4.2.1 (Based on Apple Inc. build 5658) (LLVM build 2336.11.00)
configure:7321: $? = 0
configure:7323: g++ -V </dev/null >&5
llvm-g++-4.2: argument to `-V' is missing
configure:7326: $? = 1
configure:7329: checking whether we are using the GNU C++ compiler
configure:7353: g++ -c   conftest.cc >&5
configure:7359: $? = 0
configure:7362: test -z 			 || test ! -s conftest.err
configure:7365: $? = 0
configure:7368: test -s conftest.o
configure:7371: $? = 0
configure:7384: result: yes
configure:7390: checking whether g++ accepts -g
configure:7411: g++ -c -g  conftest.cc >&5
configure:7417: $? = 0
configure:7420: test -z 			 || test ! -s conftest.err
configure:7423: $? = 0
configure:7426: test -s conftest.o
configure:7429: $? = 0
configure:7440: result: yes
configure:7482: g++ -c -g -O2  conftest.cc >&5
configure:7488: $? = 0
configure:7491: test -z 			 || test ! -s conftest.err
configure:7494: $? = 0
configure:7497: test -s conftest.o
configure:7500: $? = 0
configure:7526: g++ -c -g -O2  conftest.cc >&5
conftest.cc: In function 'int main()':
conftest.cc:60: error: 'exit' was not declared in this scope
configure:7532: $? = 1
configure: failed program was:
| /* confdefs.h.  */
| 
| #define PACKAGE_NAME "Judy"
| #define PACKAGE_TARNAME "judy"
| #define PACKAGE_VERSION "1.0.0"
| #define PACKAGE_STRING "Judy 1.0.0"
| #define PACKAGE_BUGREPORT "doug@sourcejudy.com"
| #define PACKAGE "Judy"
| #define VERSION "1.0.0"
| #define STDC_HEADERS 1
| #define HAVE_SYS_TYPES_H 1
| #define HAVE_SYS_STAT_H 1
| #define HAVE_STDLIB_H 1
| #define HAVE_STRING_H 1
| #define HAVE_MEMORY_H 1
| #define HAVE_STRINGS_H 1
| #define HAVE_INTTYPES_H 1
| #define HAVE_STDINT_H 1
| #define HAVE_UNISTD_H 1
| #define HAVE_FCNTL_H 1
| #define HAVE_INTTYPES_H 1
| #define HAVE_LIMITS_H 1
| #define HAVE_STDDEF_H 1
| #define HAVE_STDINT_H 1
| #define HAVE_STDLIB_H 1
| #define HAVE_STRING_H 1
| #define HAVE_STRINGS_H 1
| #define HAVE_SYS_PARAM_H 1
| #define HAVE_SYS_TIME_H 1
| #define HAVE_UNISTD_H 1
| #define HAVE__BOOL 1
| #define HAVE_STDBOOL_H 1
| #define TIME_WITH_SYS_TIME 1
| #define HAVE_PTRDIFF_T 1
| #define JU_LITTLE_ENDIAN 1
| #define HAVE_STDLIB_H 1
| #define HAVE_MALLOC 1
| #define HAVE_STDLIB_H 1
| #define HAVE_UNISTD_H 1
| #define HAVE_GETPAGESIZE 1
| #define HAVE_MMAP 1
| #define HAVE_VPRINTF 1
| #define HAVE_GETPAGESIZE 1
| #define HAVE_GETTIMEOFDAY 1
| #define HAVE_MEMSET 1
| #define HAVE_MUNMAP 1
| #define HAVE_POW 1
| #define HAVE_STRCHR 1
| #define HAVE_STRCSPN 1
| #define HAVE_STRERROR 1
| #define HAVE_STRSTR 1
| #define HAVE_STRTOUL 1
| #define HAVE_UNAME 1
| #define HAVE_DLFCN_H 1
| /* end confdefs.h.  */
| 
| int
| main ()
| {
| exit (42);
|   ;
|   return 0;
| }
configure:7482: g++ -c -g -O2  conftest.cc >&5
conftest.cc:56: error: 'void std::exit(int)' should have been declared inside 'std'
In file included from conftest.cc:57:
/usr/include/stdlib.h:159: error: declaration of 'void std::exit(int)' throws different exceptions
conftest.cc:56: error: from previous declaration 'void std::exit(int) throw ()'
configure:7488: $? = 1
configure: failed program was:
| /* confdefs.h.  */
| 
| #define PACKAGE_NAME "Judy"
| #define PACKAGE_TARNAME "judy"
| #define PACKAGE_VERSION "1.0.0"
| #define PACKAGE_STRING "Judy 1.0.0"
| #define PACKAGE_BUGREPORT "doug@sourcejudy.com"
| #define PACKAGE "Judy"
| #define VERSION "1.0.0"
| #define STDC_HEADERS 1
| #define HAVE_SYS_TYPES_H 1
| #define HAVE_SYS_STAT_H 1
| #define HAVE_STDLIB_H 1
| #define HAVE_STRING_H 1
| #define HAVE_MEMORY_H 1
| #define HAVE_STRINGS_H 1
| #define HAVE_INTTYPES_H 1
| #define HAVE_STDINT_H 1
| #define HAVE_UNISTD_H 1
| #define HAVE_FCNTL_H 1
| #define HAVE_INTTYPES_H 1
| #define HAVE_LIMITS_H 1
| #define HAVE_STDDEF_H 1
| #define HAVE_STDINT_H 1
| #define HAVE_STDLIB_H 1
| #define HAVE_STRING_H 1
| #define HAVE_STRINGS_H 1
| #define HAVE_SYS_PARAM_H 1
| #define HAVE_SYS_TIME_H 1
| #define HAVE_UNISTD_H 1
| #define HAVE__BOOL 1
| #define HAVE_STDBOOL_H 1
| #define TIME_WITH_SYS_TIME 1
| #define HAVE_PTRDIFF_T 1
| #define JU_LITTLE_ENDIAN 1
| #define HAVE_STDLIB_H 1
| #define HAVE_MALLOC 1
| #define HAVE_STDLIB_H 1
| #define HAVE_UNISTD_H 1
| #define HAVE_GETPAGESIZE 1
| #define HAVE_MMAP 1
| #define HAVE_VPRINTF 1
| #define HAVE_GETPAGESIZE 1
| #define HAVE_GETTIMEOFDAY 1
| #define HAVE_MEMSET 1
| #define HAVE_MUNMAP 1
| #define HAVE_POW 1
| #define HAVE_STRCHR 1
| #define HAVE_STRCSPN 1
| #define HAVE_STRERROR 1
| #define HAVE_STRSTR 1
| #define HAVE_STRTOUL 1
| #define HAVE_UNAME 1
| #define HAVE_DLFCN_H 1
| /* end confdefs.h.  */
| extern "C" void std::exit (int) throw (); using std::exit;
| #include <stdlib.h>
| int
| main ()
| {
| exit (42);
|   ;
|   return 0;
| }
configure:7482: g++ -c -g -O2  conftest.cc >&5
conftest.cc:56: error: 'void std::exit(int)' should have been declared inside 'std'
configure:7488: $? = 1
configure: failed program was:
| /* confdefs.h.  */
| 
| #define PACKAGE_NAME "Judy"
| #define PACKAGE_TARNAME "judy"
| #define PACKAGE_VERSION "1.0.0"
| #define PACKAGE_STRING "Judy 1.0.0"
| #define PACKAGE_BUGREPORT "doug@sourcejudy.com"
| #define PACKAGE "Judy"
| #define VERSION "1.0.0"
| #define STDC_HEADERS 1
| #define HAVE_SYS_TYPES_H 1
| #define HAVE_SYS_STAT_H 1
| #define HAVE_STDLIB_H 1
| #define HAVE_STRING_H 1
| #define HAVE_MEMORY_H 1
| #define HAVE_STRINGS_H 1
| #define HAVE_INTTYPES_H 1
| #define HAVE_STDINT_H 1
| #define HAVE_UNISTD_H 1
| #define HAVE_FCNTL_H 1
| #define HAVE_INTTYPES_H 1
| #define HAVE_LIMITS_H 1
| #define HAVE_STDDEF_H 1
| #define HAVE_STDINT_H 1
| #define HAVE_STDLIB_H 1
| #define HAVE_STRING_H 1
| #define HAVE_STRINGS_H 1
| #define HAVE_SYS_PARAM_H 1
| #define HAVE_SYS_TIME_H 1
| #define HAVE_UNISTD_H 1
| #define HAVE__BOOL 1
| #define HAVE_STDBOOL_H 1
| #define TIME_WITH_SYS_TIME 1
| #define HAVE_PTRDIFF_T 1
| #define JU_LITTLE_ENDIAN 1
| #define HAVE_STDLIB_H 1
| #define HAVE_MALLOC 1
| #define HAVE_STDLIB_H 1
| #define HAVE_UNISTD_H 1
| #define HAVE_GETPAGESIZE 1
| #define HAVE_MMAP 1
| #define HAVE_VPRINTF 1
| #define HAVE_GETPAGESIZE 1
| #define HAVE_GETTIMEOFDAY 1
| #define HAVE_MEMSET 1
| #define HAVE_MUNMAP 1
| #define HAVE_POW 1
| #define HAVE_STRCHR 1
| #define HAVE_STRCSPN 1
| #define HAVE_STRERROR 1
| #define HAVE_STRSTR 1
| #define HAVE_STRTOUL 1
| #define HAVE_UNAME 1
| #define HAVE_DLFCN_H 1
| /* end confdefs.h.  */
| extern "C" void std::exit (int); using std::exit;
| #include <stdlib.h>
| int
| main ()
| {
| exit (42);
|   ;
|   return 0;
| }
configure:7482: g++ -c -g -O2  conftest.cc >&5
In file included from conftest.cc:57:
/usr/include/stdlib.h:159: error: declaration of 'void exit(int)' throws different exceptions
conftest.cc:56: error: from previous declaration 'void exit(int) throw ()'
configure:7488: $? = 1
configure: failed program was:
| /* confdefs.h.  */
| 
| #define PACKAGE_NAME "Judy"
| #define PACKAGE_TARNAME "judy"
| #define PACKAGE_VERSION "1.0.0"
| #define PACKAGE_STRING "Judy 1.0.0"
| #define PACKAGE_BUGREPORT "doug@sourcejudy.com"
| #define PACKAGE "Judy"
| #define VERSION "1.0.0"
| #define STDC_HEADERS 1
| #define HAVE_SYS_TYPES_H 1
| #define HAVE_SYS_STAT_H 1
| #define HAVE_STDLIB_H 1
| #define HAVE_STRING_H 1
| #define HAVE_MEMORY_H 1
| #define HAVE_STRINGS_H 1
| #define HAVE_INTTYPES_H 1
| #define HAVE_STDINT_H 1
| #define HAVE_UNISTD_H 1
| #define HAVE_FCNTL_H 1
| #define HAVE_INTTYPES_H 1
| #define HAVE_LIMITS_H 1
| #define HAVE_STDDEF_H 1
| #define HAVE_STDINT_H 1
| #define HAVE_STDLIB_H 1
| #define HAVE_STRING_H 1
| #define HAVE_STRINGS_H 1
| #define HAVE_SYS_PARAM_H 1
| #define HAVE_SYS_TIME_H 1
| #define HAVE_UNISTD_H 1
| #define HAVE__BOOL 1
| #define HAVE_STDBOOL_H 1
| #define TIME_WITH_SYS_TIME 1
| #define HAVE_PTRDIFF_T 1
| #define JU_LITTLE_ENDIAN 1
| #define HAVE_STDLIB_H 1
| #define HAVE_MALLOC 1
| #define HAVE_STDLIB_H 1
| #define HAVE_UNISTD_H 1
| #define HAVE_GETPAGESIZE 1
| #define HAVE_MMAP 1
| #define HAVE_VPRINTF 1
| #define HAVE_GETPAGESIZE 1
| #define HAVE_GETTIMEOFDAY 1
| #define HAVE_MEMSET 1
| #define HAVE_MUNMAP 1
| #define HAVE_POW 1
| #define HAVE_STRCHR 1
| #define HAVE_STRCSPN 1
| #define HAVE_STRERROR 1
| #define HAVE_STRSTR 1
| #define HAVE_STRTOUL 1
| #define HAVE_UNAME 1
| #define HAVE_DLFCN_H 1
| /* end confdefs.h.  */
| extern "C" void exit (int) throw ();
| #include <stdlib.h>
| int
| main ()
| {
| exit (42);
|   ;
|   return 0;
| }
configure:7482: g++ -c -g -O2  conftest.cc >&5
configure:7488: $? = 0
configure:7491: test -z 			 || test ! -s conftest.err
configure:7494: $? = 0
configure:7497: test -s conftest.o
configure:7500: $? = 0
configure:7526: g++ -c -g -O2  conftest.cc >&5
configure:7532: $? = 0
configure:7535: test -z 			 || test ! -s conftest.err
configure:7538: $? = 0
configure:7541: test -s conftest.o
configure:7544: $? = 0
configure:7569: checking dependency style of g++
configure:7659: result: gcc3
configure:7681: checking how to run the C++ preprocessor
configure:7712: g++ -E  conftest.cc
configure:7718: $? = 0
configure:7750: g++ -E  conftest.cc
conftest.cc:59:28: error: ac_nonexistent.h: No such file or directory
configure:7756: $? = 1
configure: failed program was:
| /* confdefs.h.  */
| 
| #define PACKAGE_NAME "Judy"
| #define PACKAGE_TARNAME "judy"
| #define PACKAGE_VERSION "1.0.0"
| #define PACKAGE_STRING "Judy 1.0.0"
| #define PACKAGE_BUGREPORT "doug@sourcejudy.com"
| #define PACKAGE "Judy"
| #define VERSION "1.0.0"
| #define STDC_HEADERS 1
| #define HAVE_SYS_TYPES_H 1
| #define HAVE_SYS_STAT_H 1
| #define HAVE_STDLIB_H 1
| #define HAVE_STRING_H 1
| #define HAVE_MEMORY_H 1
| #define HAVE_STRINGS_H 1
| #define HAVE_INTTYPES_H 1
| #define HAVE_STDINT_H 1
| #define HAVE_UNISTD_H 1
| #define HAVE_FCNTL_H 1
| #define HAVE_INTTYPES_H 1
| #define HAVE_LIMITS_H 1
| #define HAVE_STDDEF_H 1
| #define HAVE_STDINT_H 1
| #define HAVE_STDLIB_H 1
| #define HAVE_STRING_H 1
| #define HAVE_STRINGS_H 1
| #define HAVE_SYS_PARAM_H 1
| #define HAVE_SYS_TIME_H 1
| #define HAVE_UNISTD_H 1
| #define HAVE__BOOL 1
| #define HAVE_STDBOOL_H 1
| #define TIME_WITH_SYS_TIME 1
| #define HAVE_PTRDIFF_T 1
| #define JU_LITTLE_ENDIAN 1
| #define HAVE_STDLIB_H 1
| #define HAVE_MALLOC 1
| #define HAVE_STDLIB_H 1
| #define HAVE_UNISTD_H 1
| #define HAVE_GETPAGESIZE 1
| #define HAVE_MMAP 1
| #define HAVE_VPRINTF 1
| #define HAVE_GETPAGESIZE 1
| #define HAVE_GETTIMEOFDAY 1
| #define HAVE_MEMSET 1
| #define HAVE_MUNMAP 1
| #define HAVE_POW 1
| #define HAVE_STRCHR 1
| #define HAVE_STRCSPN 1
| #define HAVE_STRERROR 1
| #define HAVE_STRSTR 1
| #define HAVE_STRTOUL 1
| #define HAVE_UNAME 1
| #define HAVE_DLFCN_H 1
| #ifdef __cplusplus
| extern "C" void exit (int);
| #endif
| /* end confdefs.h.  */
| #include <ac_nonexistent.h>
configure:7795: result: g++ -E
configure:7819: g++ -E  conftest.cc
configure:7825: $? = 0
configure:7857: g++ -E  conftest.cc
conftest.cc:59:28: error: ac_nonexistent.h: No such file or directory
configure:7863: $? = 1
configure: failed program was:
| /* confdefs.h.  */
| 
| #define PACKAGE_NAME "Judy"
| #define PACKAGE_TARNAME "judy"
| #define PACKAGE_VERSION "1.0.0"
| #define PACKAGE_STRING "Judy 1.0.0"
| #define PACKAGE_BUGREPORT "doug@sourcejudy.com"
| #define PACKAGE "Judy"
| #define VERSION "1.0.0"
| #define STDC_HEADERS 1
| #define HAVE_SYS_TYPES_H 1
| #define HAVE_SYS_STAT_H 1
| #define HAVE_STDLIB_H 1
| #define HAVE_STRING_H 1
| #define HAVE_MEMORY_H 1
| #define HAVE_STRINGS_H 1
| #define HAVE_INTTYPES_H 1
| #define HAVE_STDINT_H 1
| #define HAVE_UNISTD_H 1
| #define HAVE_FCNTL_H 1
| #define HAVE_INTTYPES_H 1
| #define HAVE_LIMITS_H 1
| #define HAVE_STDDEF_H 1
| #define HAVE_STDINT_H 1
| #define HAVE_STDLIB_H 1
| #define HAVE_STRING_H 1
| #define HAVE_STRINGS_H 1
| #define HAVE_SYS_PARAM_H 1
| #define HAVE_SYS_TIME_H 1
| #define HAVE_UNISTD_H 1
| #define HAVE__BOOL 1
| #define HAVE_STDBOOL_H 1
| #define TIME_WITH_SYS_TIME 1
| #define HAVE_PTRDIFF_T 1
| #define JU_LITTLE_ENDIAN 1
| #define HAVE_STDLIB_H 1
| #define HAVE_MALLOC 1
| #define HAVE_STDLIB_H 1
| #define HAVE_UNISTD_H 1
| #define HAVE_GETPAGESIZE 1
| #define HAVE_MMAP 1
| #define HAVE_VPRINTF 1
| #define HAVE_GETPAGESIZE 1
| #define HAVE_GETTIMEOFDAY 1
| #define HAVE_MEMSET 1
| #define HAVE_MUNMAP 1
| #define HAVE_POW 1
| #define HAVE_STRCHR 1
| #define HAVE_STRCSPN 1
| #define HAVE_STRERROR 1
| #define HAVE_STRSTR 1
| #define HAVE_STRTOUL 1
| #define HAVE_UNAME 1
| #define HAVE_DLFCN_H 1
| #ifdef __cplusplus
| extern "C" void exit (int);
| #endif
| /* end confdefs.h.  */
| #include <ac_nonexistent.h>
configure:7958: checking for g77
configure:7987: result: no
configure:7958: checking for f77
configure:7987: result: no
configure:7958: checking for xlf
configure:7987: result: no
configure:7958: checking for frt
configure:7987: result: no
configure:7958: checking for pgf77
configure:7987: result: no
configure:7958: checking for fort77
configure:7987: result: no
configure:7958: checking for fl32
configure:7987: result: no
configure:7958: checking for af77
configure:7987: result: no
configure:7958: checking for f90
configure:7987: result: no
configure:7958: checking for xlf90
configure:7987: result: no
configure:7958: checking for pgf90
configure:7987: result: no
configure:7958: checking for epcf90
configure:7987: result: no
configure:7958: checking for f95
configure:7987: result: no
configure:7958: checking for fort
configure:7987: result: no
configure:7958: checking for xlf95
configure:7987: result: no
configure:7958: checking for ifc
configure:7987: result: no
configure:7958: checking for efc
configure:7987: result: no
configure:7958: checking for pgf95
configure:7987: result: no
configure:7958: checking for lf95
configure:7987: result: no
configure:7958: checking for gfortran
configure:7987: result: no
configure:7999: checking for Fortran 77 compiler version
configure:8002:  --version </dev/null >&5
./configure: line 8003: --version: command not found
configure:8005: $? = 127
configure:8007:  -v </dev/null >&5
./configure: line 8008: -v: command not found
configure:8010: $? = 127
configure:8012:  -V </dev/null >&5
./configure: line 8013: -V: command not found
configure:8015: $? = 127
configure:8023: checking whether we are using the GNU Fortran 77 compiler
configure:8037:  -c  conftest.F >&5
./configure: line 8038: -c: command not found
configure:8043: $? = 127
configure: failed program was:
|       program main
| #ifndef __GNUC__
|        choke me
| #endif
| 
|       end
configure:8068: result: no
configure:8074: checking whether  accepts -g
configure:8086:  -c -g conftest.f >&5
./configure: line 8087: -c: command not found
configure:8092: $? = 127
configure: failed program was:
|       program main
| 
|       end
configure:8116: result: no
configure:8146: checking the maximum length of command line arguments
configure:8211: result: 65536
configure:8222: checking command to parse /usr/bin/nm output from gcc object
configure:8311: gcc -c -UJU_64BIT -g -O2  conftest.c >&5
configure:8314: $? = 0
configure:8318: /usr/bin/nm conftest.o \| sed -n -e 's/^.*[ 	]\([BCDEGRST][BCDEGRST]*\)[ 	][ 	]*\(\)\([_A-Za-z][_A-Za-z0-9]*\)$/\1 \2\3 \3/p' \> conftest.nm
configure:8321: $? = 0
cannot find nm_test_var in conftest.nm
configure:8311: gcc -c -UJU_64BIT -g -O2  conftest.c >&5
configure:8314: $? = 0
configure:8318: /usr/bin/nm conftest.o \| sed -n -e 's/^.*[ 	]\([BCDEGRST][BCDEGRST]*\)[ 	][ 	]*\(_\)\([_A-Za-z][_A-Za-z0-9]*\)$/\1 \2\3 \3/p' \> conftest.nm
configure:8321: $? = 0
configure:8373: gcc -o conftest -UJU_64BIT -g -O2   conftest.c conftstm.o >&5
configure:8376: $? = 0
configure:8414: result: ok
configure:8418: checking for objdir
configure:8433: result: .libs
configure:8523: checking for ar
configure:8550: result: ar
configure:8603: checking for ranlib
configure:8630: result: ranlib
configure:8683: checking for strip
configure:8699: found /usr/bin/strip
configure:8710: result: strip
configure:8972: checking if gcc static flag  works
configure:8995: result: yes
configure:9013: checking if gcc supports -fno-rtti -fno-exceptions
configure:9031: gcc -c -UJU_64BIT -g -O2  -fno-rtti -fno-exceptions conftest.c >&5
cc1: warning: command line option "-fno-rtti" is valid for C++/ObjC++ but not for C
configure:9035: $? = 0
configure:9046: result: no
configure:9061: checking for gcc option to produce PIC
configure:9238: result: -fno-common
configure:9246: checking if gcc PIC flag -fno-common works
configure:9264: gcc -c -UJU_64BIT -g -O2  -fno-common -DPIC conftest.c >&5
configure:9268: $? = 0
configure:9279: result: yes
configure:9303: checking if gcc supports -c -o file.o
configure:9324: gcc -c -UJU_64BIT -g -O2  -o out/conftest2.o conftest.c >&5
configure:9328: $? = 0
configure:9348: result: yes
configure:9374: checking whether the gcc linker (ld) supports shared libraries
configure:10221: result: yes
configure:10292: checking dynamic linker characteristics
configure:10844: result: darwin12.4.0 dyld
configure:10848: checking how to hardcode library paths into programs
configure:10873: result: immediate
configure:10887: checking whether stripping libraries is possible
configure:10900: result: yes
configure:11715: checking if libtool supports shared libraries
configure:11717: result: yes
configure:11720: checking whether to build shared libraries
configure:11778: result: yes
configure:11781: checking whether to build static libraries
configure:11785: result: yes
configure:11877: creating libtool
configure:12424: checking for ld used by g++
configure:12491: result: ld
configure:12500: checking if the linker (ld) is GNU ld
configure:12515: result: no
configure:12566: checking whether the g++ linker (ld) supports shared libraries
configure:13392: result: yes
configure:13410: g++ -c -g -O2  conftest.cc >&5
configure:13413: $? = 0
configure:13509: checking for g++ option to produce PIC
configure:13761: result: -fno-common
configure:13769: checking if g++ PIC flag -fno-common works
configure:13787: g++ -c -g -O2  -fno-common -DPIC conftest.cc >&5
configure:13791: $? = 0
configure:13802: result: yes
configure:13826: checking if g++ supports -c -o file.o
configure:13847: g++ -c -g -O2  -o out/conftest2.o conftest.cc >&5
configure:13851: $? = 0
configure:13871: result: yes
configure:13897: checking whether the g++ linker (ld) supports shared libraries
configure:13925: result: yes
configure:13996: checking dynamic linker characteristics
configure:14548: result: darwin12.4.0 dyld
configure:14552: checking how to hardcode library paths into programs
configure:14577: result: immediate
configure:14591: checking whether stripping libraries is possible
configure:14604: result: yes
configure:21982: creating ./config.status

## ---------------------- ##
## Running config.status. ##
## ---------------------- ##

This file was extended by Judy config.status 1.0.0, which was
generated by GNU Autoconf 2.59.  Invocation command line was

  CONFIG_FILES    = 
  CONFIG_HEADERS  = 
  CONFIG_LINKS    = 
  CONFIG_COMMANDS = 
  $ ./config.status 

on macbook-pro.local

config.status:771: creating Makefile
config.status:787: error: cannot find input file: src/Judy1/Makefile.in

## ---------------- ##
## Cache variables. ##
## ---------------- ##

ac_cv_build=i686-apple-darwin12.4.0
ac_cv_build_alias=i686-apple-darwin12.4.0
ac_cv_c_bigendian=no
ac_cv_c_compiler_gnu=yes
ac_cv_c_const=yes
ac_cv_c_inline=inline
ac_cv_c_volatile=yes
ac_cv_cxx_compiler_gnu=yes
ac_cv_env_CC_set=
ac_cv_env_CC_value=
ac_cv_env_CFLAGS_set=
ac_cv_env_CFLAGS_value=
ac_cv_env_CPPFLAGS_set=
ac_cv_env_CPPFLAGS_value=
ac_cv_env_CPP_set=
ac_cv_env_CPP_value=
ac_cv_env_CXXCPP_set=
ac_cv_env_CXXCPP_value=
ac_cv_env_CXXFLAGS_set=
ac_cv_env_CXXFLAGS_value=
ac_cv_env_CXX_set=
ac_cv_env_CXX_value=
ac_cv_env_F77_set=
ac_cv_env_F77_value=
ac_cv_env_FFLAGS_set=
ac_cv_env_FFLAGS_value=
ac_cv_env_LDFLAGS_set=
ac_cv_env_LDFLAGS_value=
ac_cv_env_build_alias_set=
ac_cv_env_build_alias_value=
ac_cv_env_host_alias_set=
ac_cv_env_host_alias_value=
ac_cv_env_target_alias_set=
ac_cv_env_target_alias_value=
ac_cv_exeext=
ac_cv_f77_compiler_gnu=no
ac_cv_func__doprnt=no
ac_cv_func_getpagesize=yes
ac_cv_func_gettimeofday=yes
ac_cv_func_lstat_dereferences_slashed_symlink=no
ac_cv_func_malloc_0_nonnull=yes
ac_cv_func_memcmp_working=yes
ac_cv_func_memset=yes
ac_cv_func_mmap_fixed_mapped=yes
ac_cv_func_munmap=yes
ac_cv_func_pow=yes
ac_cv_func_stat_empty_string_bug=no
ac_cv_func_strchr=yes
ac_cv_func_strcspn=yes
ac_cv_func_strerror=yes
ac_cv_func_strstr=yes
ac_cv_func_strtoul=yes
ac_cv_func_uname=yes
ac_cv_func_vprintf=yes
ac_cv_header_dlfcn_h=yes
ac_cv_header_fcntl_h=yes
ac_cv_header_inttypes_h=yes
ac_cv_header_limits_h=yes
ac_cv_header_malloc_h=no
ac_cv_header_memory_h=yes
ac_cv_header_stdbool_h=yes
ac_cv_header_stdc=yes
ac_cv_header_stddef_h=yes
ac_cv_header_stdint_h=yes
ac_cv_header_stdlib_h=yes
ac_cv_header_string_h=yes
ac_cv_header_strings_h=yes
ac_cv_header_sys_param_h=yes
ac_cv_header_sys_stat_h=yes
ac_cv_header_sys_time_h=yes
ac_cv_header_sys_types_h=yes
ac_cv_header_time=yes
ac_cv_header_unistd_h=yes
ac_cv_host=i686-apple-darwin12.4.0
ac_cv_host_alias=i686-apple-darwin12.4.0
ac_cv_lib_error_at_line=no
ac_cv_objext=o
ac_cv_path_install='/usr/bin/install -c'
ac_cv_prog_AWK=awk
ac_cv_prog_CPP='gcc -E'
ac_cv_prog_CXXCPP='g++ -E'
ac_cv_prog_ac_ct_AR=ar
ac_cv_prog_ac_ct_CC=gcc
ac_cv_prog_ac_ct_CXX=g++
ac_cv_prog_ac_ct_LD=ld
ac_cv_prog_ac_ct_RANLIB=ranlib
ac_cv_prog_ac_ct_STRIP=strip
ac_cv_prog_cc_g=yes
ac_cv_prog_cc_stdc=
ac_cv_prog_cxx_g=yes
ac_cv_prog_egrep='grep -E'
ac_cv_prog_f77_g=no
ac_cv_prog_make_make_set=yes
ac_cv_struct_tm=time.h
ac_cv_type__Bool=yes
ac_cv_type_ptrdiff_t=yes
ac_cv_type_size_t=yes
am_cv_CC_dependencies_compiler_type=gcc3
am_cv_CXX_dependencies_compiler_type=gcc3
lt_cv_deplibs_check_method=pass_all
lt_cv_file_magic_cmd='$MAGIC_CMD'
lt_cv_file_magic_test_file=
lt_cv_ld_reload_flag=-r
lt_cv_objdir=.libs
lt_cv_path_LD=ld
lt_cv_path_LDCXX=ld
lt_cv_path_NM=/usr/bin/nm
lt_cv_path_SED=/usr/bin/sed
lt_cv_prog_compiler_c_o=yes
lt_cv_prog_compiler_c_o_CXX=yes
lt_cv_prog_compiler_rtti_exceptions=no
lt_cv_prog_gnu_ld=no
lt_cv_prog_gnu_ldcxx=no
lt_cv_sys_global_symbol_pipe='sed -n -e '\''s/^.*[ 	]\([BCDEGRST][BCDEGRST]*\)[ 	][ 	]*\(_\)\([_A-Za-z][_A-Za-z0-9]*\)$/\1 \2\3 \3/p'\'''
lt_cv_sys_global_symbol_to_c_name_address='sed -n -e '\''s/^: \([^ ]*\) $/  {\"\1\", (lt_ptr) 0},/p'\'' -e '\''s/^[BCDEGRST] \([^ ]*\) \([^ ]*\)$/  {"\2", (lt_ptr) \&\2},/p'\'''
lt_cv_sys_global_symbol_to_cdecl='sed -n -e '\''s/^. .* \(.*\)$/extern int \1;/p'\'''
lt_cv_sys_max_cmd_len=65536
lt_lt_cv_prog_compiler_c_o='"yes"'
lt_lt_cv_prog_compiler_c_o_CXX='"yes"'
lt_lt_cv_sys_global_symbol_pipe='"sed -n -e '\''s/^.*[ 	]\\([BCDEGRST][BCDEGRST]*\\)[ 	][ 	]*\\(_\\)\\([_A-Za-z][_A-Za-z0-9]*\\)\$/\\1 \\2\\3 \\3/p'\''"'
lt_lt_cv_sys_global_symbol_to_c_name_address='"sed -n -e '\''s/^: \\([^ ]*\\) \$/  {\\\"\\1\\\", (lt_ptr) 0},/p'\'' -e '\''s/^[BCDEGRST] \\([^ ]*\\) \\([^ ]*\\)\$/  {\"\\2\", (lt_ptr) \\&\\2},/p'\''"'
lt_lt_cv_sys_global_symbol_to_cdecl='"sed -n -e '\''s/^. .* \\(.*\\)\$/extern int \\1;/p'\''"'

## ----------------- ##
## Output variables. ##
## ----------------- ##

ACLOCAL='${SHELL} /Users/Jonathan/Documents/Thesaurus/Development/xcode/BrightPay/Dumbarton/src/Judy/missing --run aclocal-1.9'
AMDEPBACKSLASH='\'
AMDEP_FALSE='#'
AMDEP_TRUE=''
AMTAR='${SHELL} /Users/Jonathan/Documents/Thesaurus/Development/xcode/BrightPay/Dumbarton/src/Judy/missing --run tar'
AR='ar'
AUTOCONF='${SHELL} /Users/Jonathan/Documents/Thesaurus/Development/xcode/BrightPay/Dumbarton/src/Judy/missing --run autoconf'
AUTOHEADER='${SHELL} /Users/Jonathan/Documents/Thesaurus/Development/xcode/BrightPay/Dumbarton/src/Judy/missing --run autoheader'
AUTOMAKE='${SHELL} /Users/Jonathan/Documents/Thesaurus/Development/xcode/BrightPay/Dumbarton/src/Judy/missing --run automake-1.9'
AWK='awk'
CC='gcc'
CCDEPMODE='depmode=gcc3'
CFLAGS='-UJU_64BIT -g -O2'
CPP='gcc -E'
CPPFLAGS=''
CXX='g++'
CXXCPP='g++ -E'
CXXDEPMODE='depmode=gcc3'
CXXFLAGS='-g -O2'
CYGPATH_W='echo'
DEFS='-DHAVE_CONFIG_H'
DEPDIR='.deps'
ECHO='/bin/echo'
ECHO_C='ECHO_N=''
ECHO_T=''
EGREP='grep -E'
EXEEXT=''
F77=''
FFLAGS=''
FLAVOR='product'
INSTALL_DATA='${INSTALL} -m 644'
INSTALL_PROGRAM='${INSTALL}'
INSTALL_SCRIPT='${INSTALL}'
INSTALL_STRIP_PROGRAM='${SHELL} $(install_sh) -c -s'
LD='ld'
LDFLAGS=''
LIBOBJS=' error$U.o lstat$U.o'
LIBS=''
LIBTOOL='$(SHELL) $(top_builddir)/libtool'
LN_S='ln -s'
LTLIBOBJS=' error$U.lo lstat$U.lo'
MAINT='#'
MAINTAINER_MODE_FALSE=''
MAINTAINER_MODE_TRUE='#'
MAKEINFO='${SHELL} /Users/Jonathan/Documents/Thesaurus/Development/xcode/BrightPay/Dumbarton/src/Judy/missing --run makeinfo'
OBJEXT='o'
PACKAGE='Judy'
PACKAGE_BUGREPORT='doug@sourcejudy.com'
PACKAGE_NAME='Judy'
PACKAGE_STRING='Judy 1.0.0'
PACKAGE_TARNAME='judy'
PACKAGE_VERSION='1.0.0'
PATH_SEPARATOR=':'
RANLIB='ranlib'
SET_MAKE=''
SHELL='/bin/sh'
STRIP='strip'
VERSION='1.0.0'
VERSION_INFO='-version-info 1:1:0'
WARN_CFLAGS=''
ac_ct_AR='ar'
ac_ct_CC='gcc'
ac_ct_CXX='g++'
ac_ct_F77=''
ac_ct_LD='ld'
ac_ct_RANLIB='ranlib'
ac_ct_STRIP='strip'
am__fastdepCC_FALSE='#'
am__fastdepCC_TRUE=''
am__fastdepCXX_FALSE='#'
am__fastdepCXX_TRUE=''
am__include='include'
am__leading_dot='.'
am__quote=''
am__tar='${AMTAR} chof - "$$tardir"'
am__untar='${AMTAR} xf -'
bindir='${exec_prefix}/bin'
build='i686-apple-darwin12.4.0'
build_alias=''
build_cpu='i686'
build_os='darwin12.4.0'
build_vendor='apple'
datadir='${prefix}/share'
exec_prefix='${prefix}'
host='i686-apple-darwin12.4.0'
host_alias=''
host_cpu='i686'
host_os='darwin12.4.0'
host_vendor='apple'
includedir='${prefix}/include'
infodir='${prefix}/info'
install_sh='/Users/Jonathan/Documents/Thesaurus/Development/xcode/BrightPay/Dumbarton/src/Judy/install-sh'
libdir='${exec_prefix}/lib'
libexecdir='${exec_prefix}/libexec'
localstatedir='${prefix}/var'
mandir='${prefix}/man'
mkdir_p='$(install_sh) -d'
oldincludedir='/usr/include'
prefix='/usr/local'
program_transform_name='s,x,x,'
sbindir='${exec_prefix}/sbin'
sharedstatedir='${prefix}/com'
sysconfdir='${prefix}/etc'
target_alias=''

## ----------- ##
## confdefs.h. ##
## ----------- ##

#define HAVE_DLFCN_H 1
#define HAVE_FCNTL_H 1
#define HAVE_GETPAGESIZE 1
#define HAVE_GETPAGESIZE 1
#define HAVE_GETTIMEOFDAY 1
#define HAVE_INTTYPES_H 1
#define HAVE_INTTYPES_H 1
#define HAVE_LIMITS_H 1
#define HAVE_MALLOC 1
#define HAVE_MEMORY_H 1
#define HAVE_MEMSET 1
#define HAVE_MMAP 1
#define HAVE_MUNMAP 1
#define HAVE_POW 1
#define HAVE_PTRDIFF_T 1
#define HAVE_STDBOOL_H 1
#define HAVE_STDDEF_H 1
#define HAVE_STDINT_H 1
#define HAVE_STDINT_H 1
#define HAVE_STDLIB_H 1
#define HAVE_STDLIB_H 1
#define HAVE_STDLIB_H 1
#define HAVE_STDLIB_H 1
#define HAVE_STRCHR 1
#define HAVE_STRCSPN 1
#define HAVE_STRERROR 1
#define HAVE_STRINGS_H 1
#define HAVE_STRINGS_H 1
#define HAVE_STRING_H 1
#define HAVE_STRING_H 1
#define HAVE_STRSTR 1
#define HAVE_STRTOUL 1
#define HAVE_SYS_PARAM_H 1
#define HAVE_SYS_STAT_H 1
#define HAVE_SYS_TIME_H 1
#define HAVE_SYS_TYPES_H 1
#define HAVE_UNAME 1
#define HAVE_UNISTD_H 1
#define HAVE_UNISTD_H 1
#define HAVE_UNISTD_H 1
#define HAVE_VPRINTF 1
#define HAVE__BOOL 1
#define JU_LITTLE_ENDIAN 1
#define PACKAGE "Judy"
#define PACKAGE_BUGREPORT "doug@sourcejudy.com"
#define PACKAGE_NAME "Judy"
#define PACKAGE_STRING "Judy 1.0.0"
#define PACKAGE_TARNAME "judy"
#define PACKAGE_VERSION "1.0.0"
#define STDC_HEADERS 1
#define TIME_WITH_SYS_TIME 1
#define VERSION "1.0.0"
#endif
#ifdef __cplusplus
extern "C" void exit (int);

configure: exit 1
